<?xml version="1.0" encoding="UTF-8"?>
<!-- Generated by org.testng.reporters.JUnitXMLReporter -->
<testsuite hostname="newusers-MacBook-Pro.local" ignored="3" name="HubSpot Functional Regression Test -- chrome" tests="4" failures="0" timestamp="2020-07-25T01:30:22 EDT" time="93.239" errors="0">
  <testcase name="verifyHomePageTitleTest" time="6.987" classname="com.qa.hubspot.tests.HomePageTest"/>
  <testcase name="verifyPageTitletest" time="13.484" classname="com.qa.hubspot.tests.LoginPageTest"/>
  <testcase name="verifySignUpLinkTest" time="13.206" classname="com.qa.hubspot.tests.LoginPageTest"/>
  <testcase name="verifyHomePageHeaderTest" time="30.672" classname="com.qa.hubspot.tests.HomePageTest"/>
  <testcase name="login_invalidTestCase" time="0.0" classname="com.qa.hubspot.tests.LoginPageTest">
    <ignored/>
  </testcase> <!-- login_invalidTestCase -->
  <testcase name="verifyLoggedInUserTest" time="0.0" classname="com.qa.hubspot.tests.HomePageTest">
    <ignored/>
  </testcase> <!-- verifyLoggedInUserTest -->
  <testcase name="loginTest" time="0.0" classname="com.qa.hubspot.tests.LoginPageTest">
    <ignored/>
  </testcase> <!-- loginTest -->
</testsuite> <!-- HubSpot Functional Regression Test - chrome -->
