<?xml version="1.0" encoding="UTF-8"?>
<!-- Generated by org.testng.reporters.JUnitXMLReporter -->
<testsuite hostname="newusers-MacBook-Pro.local" ignored="3" name="HubSpot Functional Regression Test -- firefox" tests="4" failures="0" timestamp="2020-07-25T01:30:17 EDT" time="86.884" errors="0">
  <testcase name="verifyHomePageTitleTest" time="5.062" classname="com.qa.hubspot.tests.HomePageTest"/>
  <testcase name="verifyPageTitletest" time="7.402" classname="com.qa.hubspot.tests.LoginPageTest"/>
  <testcase name="verifyHomePageHeaderTest" time="20.544" classname="com.qa.hubspot.tests.HomePageTest"/>
  <testcase name="verifySignUpLinkTest" time="7.084" classname="com.qa.hubspot.tests.LoginPageTest"/>
  <testcase name="login_invalidTestCase" time="0.0" classname="com.qa.hubspot.tests.LoginPageTest">
    <ignored/>
  </testcase> <!-- login_invalidTestCase -->
  <testcase name="verifyLoggedInUserTest" time="0.0" classname="com.qa.hubspot.tests.HomePageTest">
    <ignored/>
  </testcase> <!-- verifyLoggedInUserTest -->
  <testcase name="loginTest" time="0.0" classname="com.qa.hubspot.tests.LoginPageTest">
    <ignored/>
  </testcase> <!-- loginTest -->
</testsuite> <!-- HubSpot Functional Regression Test - firefox -->
